This is pdfTeX, Version 3.14159265-2.6-1.40.21 (TeX Live 2020/Arch Linux) (preloaded format=pdflatex 2020.12.13)  22 DEC 2020 22:25
entering extended mode
 restricted \write18 enabled.
 %&-line parsing enabled.
**main.tex
(./main.tex
LaTeX2e <2020-10-01> patch level 2
L3 programming layer <2020-12-03> xparse <2020-03-03>
(/usr/share/texmf-dist/tex/latex/base/book.cls
Document Class: book 2020/04/10 v1.4m Standard LaTeX document class
(/usr/share/texmf-dist/tex/latex/base/bk10.clo
File: bk10.clo 2020/04/10 v1.4m Standard LaTeX file (size option)
)
\c@part=\count177
\c@chapter=\count178
\c@section=\count179
\c@subsection=\count180
\c@subsubsection=\count181
\c@paragraph=\count182
\c@subparagraph=\count183
\c@figure=\count184
\c@table=\count185
\abovecaptionskip=\skip47
\belowcaptionskip=\skip48
\bibindent=\dimen138
)
(/usr/share/texmf-dist/tex/latex/base/fontenc.sty
Package: fontenc 2020/08/10 v2.0s Standard LaTeX package
)
(/usr/share/texmf-dist/tex/latex/base/inputenc.sty
Package: inputenc 2020/08/01 v1.3d Input encoding file
\inpenc@prehook=\toks15
\inpenc@posthook=\toks16
)
(/usr/share/texmf-dist/tex/generic/babel/babel.sty
Package: babel 2020/10/27 3.51 The Babel package

(/usr/share/texmf-dist/tex/generic/babel/babel.def
File: babel.def 2020/10/27 3.51 Babel common definitions
\babel@savecnt=\count186
\U@D=\dimen139
\l@babelnohyphens=\language86

(/usr/share/texmf-dist/tex/generic/babel/txtbabel.def)
\bbl@readstream=\read2
)
\bbl@dirlevel=\count187

(/usr/share/texmf-dist/tex/generic/babel-italian/italian.ldf
Language: italian 2020/05/21 v.1.4.04 Italian support for the babel system
\it@lettering=\count188
\it@doublequoteactive=\count189
\it@ISOcompliance=\count190
))
(/usr/share/texmf-dist/tex/latex/etoolbox/etoolbox.sty
Package: etoolbox 2020/10/05 v2.5k e-TeX tools for LaTeX (JAW)
\etb@tempcnta=\count191
)
(/usr/share/texmf-dist/tex/latex/physics/physics.sty
Package: physics 

(/usr/share/texmf-dist/tex/latex/l3packages/xparse/xparse.sty
(/usr/share/texmf-dist/tex/latex/l3kernel/expl3.sty
Package: expl3 2020-12-03 L3 programming layer (loader) 

(/usr/share/texmf-dist/tex/latex/l3backend/l3backend-pdftex.def
File: l3backend-pdftex.def 2020-09-24 L3 backend support: PDF output (pdfTeX)
\l__kernel_color_stack_int=\count192
\l__pdf_internal_box=\box47
))
Package: xparse 2020-10-27 L3 Experimental document command parser

(/usr/share/texmf-dist/tex/latex/l3packages/xparse/xparse-generic.tex))
(/usr/share/texmf-dist/tex/latex/amsmath/amsmath.sty
Package: amsmath 2020/09/23 v2.17i AMS math features
\@mathmargin=\skip49

For additional information on amsmath, use the `?' option.
(/usr/share/texmf-dist/tex/latex/amsmath/amstext.sty
Package: amstext 2000/06/29 v2.01 AMS text

(/usr/share/texmf-dist/tex/latex/amsmath/amsgen.sty
File: amsgen.sty 1999/11/30 v2.0 generic functions
\@emptytoks=\toks17
\ex@=\dimen140
))
(/usr/share/texmf-dist/tex/latex/amsmath/amsbsy.sty
Package: amsbsy 1999/11/29 v1.2d Bold Symbols
\pmbraise@=\dimen141
)
(/usr/share/texmf-dist/tex/latex/amsmath/amsopn.sty
Package: amsopn 2016/03/08 v2.02 operator names
)
\inf@bad=\count193
LaTeX Info: Redefining \frac on input line 234.
\uproot@=\count194
\leftroot@=\count195
LaTeX Info: Redefining \overline on input line 399.
\classnum@=\count196
\DOTSCASE@=\count197
LaTeX Info: Redefining \ldots on input line 496.
LaTeX Info: Redefining \dots on input line 499.
LaTeX Info: Redefining \cdots on input line 620.
\Mathstrutbox@=\box48
\strutbox@=\box49
\big@size=\dimen142
LaTeX Font Info:    Redeclaring font encoding OML on input line 743.
LaTeX Font Info:    Redeclaring font encoding OMS on input line 744.
\macc@depth=\count198
\c@MaxMatrixCols=\count199
\dotsspace@=\muskip16
\c@parentequation=\count266
\dspbrk@lvl=\count267
\tag@help=\toks18
\row@=\count268
\column@=\count269
\maxfields@=\count270
\andhelp@=\toks19
\eqnshift@=\dimen143
\alignsep@=\dimen144
\tagshift@=\dimen145
\tagwidth@=\dimen146
\totwidth@=\dimen147
\lineht@=\dimen148
\@envbody=\toks20
\multlinegap=\skip50
\multlinetaggap=\skip51
\mathdisplay@stack=\toks21
LaTeX Info: Redefining \[ on input line 2923.
LaTeX Info: Redefining \] on input line 2924.
))
(/usr/share/texmf-dist/tex/latex/fourier/fourier.sty
Package: fourier 2020/03/03 2.2 fourier-GUTenberg package

(/usr/share/texmf-dist/tex/generic/iftex/iftex.sty
Package: iftex 2020/03/06 v1.0d TeX engine tests
)
Now handling font encoding FML ...
... no UTF-8 mapping file for font encoding FML
Now handling font encoding FMS ...
... no UTF-8 mapping file for font encoding FMS
Now handling font encoding FMX ...
... no UTF-8 mapping file for font encoding FMX

(/usr/share/texmf-dist/tex/latex/base/fontenc.sty
Package: fontenc 2020/08/10 v2.0s Standard LaTeX package
LaTeX Font Info:    Trying to load font information for T1+futs on input line 1
12.

(/usr/share/texmf-dist/tex/latex/fourier/t1futs.fd
File: t1futs.fd 2004/03/02 Fontinst v1.926 font definitions for T1/futs.
))
(/usr/share/texmf-dist/tex/latex/base/textcomp.sty
Package: textcomp 2020/02/02 v2.0n Standard LaTeX package
)
(/usr/share/texmf-dist/tex/latex/fourier/fourier-orns.sty
Package: fourier-orns 2020/03/03 2.2 fourier-ornaments package
)
LaTeX Font Info:    Redeclaring symbol font `operators' on input line 63.
LaTeX Font Info:    Encoding `OT1' has changed to `T1' for symbol font
(Font)              `operators' in the math version `normal' on input line 63.
LaTeX Font Info:    Overwriting symbol font `operators' in version `normal'
(Font)                  OT1/cmr/m/n --> T1/futs/m/n on input line 63.
LaTeX Font Info:    Encoding `OT1' has changed to `T1' for symbol font
(Font)              `operators' in the math version `bold' on input line 63.
LaTeX Font Info:    Overwriting symbol font `operators' in version `bold'
(Font)                  OT1/cmr/bx/n --> T1/futs/m/n on input line 63.
LaTeX Font Info:    Overwriting symbol font `operators' in version `bold'
(Font)                  T1/futs/m/n --> T1/futs/b/n on input line 64.
LaTeX Font Info:    Redeclaring symbol font `letters' on input line 72.
LaTeX Font Info:    Encoding `OML' has changed to `FML' for symbol font
(Font)              `letters' in the math version `normal' on input line 72.
LaTeX Font Info:    Overwriting symbol font `letters' in version `normal'
(Font)                  OML/cmm/m/it --> FML/futmi/m/it on input line 72.
LaTeX Font Info:    Encoding `OML' has changed to `FML' for symbol font
(Font)              `letters' in the math version `bold' on input line 72.
LaTeX Font Info:    Overwriting symbol font `letters' in version `bold'
(Font)                  OML/cmm/b/it --> FML/futmi/m/it on input line 72.
\symotherletters=\mathgroup4
LaTeX Font Info:    Overwriting symbol font `letters' in version `bold'
(Font)                  FML/futmi/m/it --> FML/futmi/b/it on input line 74.
LaTeX Font Info:    Overwriting symbol font `otherletters' in version `bold'
(Font)                  FML/futm/m/it --> FML/futm/b/it on input line 75.
LaTeX Font Info:    Redeclaring math symbol \Gamma on input line 76.
LaTeX Font Info:    Redeclaring math symbol \Delta on input line 77.
LaTeX Font Info:    Redeclaring math symbol \Theta on input line 78.
LaTeX Font Info:    Redeclaring math symbol \Lambda on input line 79.
LaTeX Font Info:    Redeclaring math symbol \Xi on input line 80.
LaTeX Font Info:    Redeclaring math symbol \Pi on input line 81.
LaTeX Font Info:    Redeclaring math symbol \Sigma on input line 82.
LaTeX Font Info:    Redeclaring math symbol \Upsilon on input line 83.
LaTeX Font Info:    Redeclaring math symbol \Phi on input line 84.
LaTeX Font Info:    Redeclaring math symbol \Psi on input line 85.
LaTeX Font Info:    Redeclaring math symbol \Omega on input line 86.
LaTeX Font Info:    Redeclaring symbol font `symbols' on input line 126.
LaTeX Font Info:    Encoding `OMS' has changed to `FMS' for symbol font
(Font)              `symbols' in the math version `normal' on input line 126.
LaTeX Font Info:    Overwriting symbol font `symbols' in version `normal'
(Font)                  OMS/cmsy/m/n --> FMS/futm/m/n on input line 126.
LaTeX Font Info:    Encoding `OMS' has changed to `FMS' for symbol font
(Font)              `symbols' in the math version `bold' on input line 126.
LaTeX Font Info:    Overwriting symbol font `symbols' in version `bold'
(Font)                  OMS/cmsy/b/n --> FMS/futm/m/n on input line 126.
LaTeX Font Info:    Redeclaring symbol font `largesymbols' on input line 127.
LaTeX Font Info:    Encoding `OMX' has changed to `FMX' for symbol font
(Font)              `largesymbols' in the math version `normal' on input line 1
27.
LaTeX Font Info:    Overwriting symbol font `largesymbols' in version `normal'
(Font)                  OMX/cmex/m/n --> FMX/futm/m/n on input line 127.
LaTeX Font Info:    Encoding `OMX' has changed to `FMX' for symbol font
(Font)              `largesymbols' in the math version `bold' on input line 127
.
LaTeX Font Info:    Overwriting symbol font `largesymbols' in version `bold'
(Font)                  OMX/cmex/m/n --> FMX/futm/m/n on input line 127.
LaTeX Font Info:    Redeclaring math alphabet \mathbf on input line 128.
LaTeX Font Info:    Overwriting math alphabet `\mathbf' in version `normal'
(Font)                  OT1/cmr/bx/n --> T1/futs/bx/n on input line 128.
LaTeX Font Info:    Overwriting math alphabet `\mathbf' in version `bold'
(Font)                  OT1/cmr/bx/n --> T1/futs/bx/n on input line 128.
LaTeX Font Info:    Redeclaring math alphabet \mathrm on input line 129.
LaTeX Font Info:    Redeclaring math alphabet \mathit on input line 130.
LaTeX Font Info:    Overwriting math alphabet `\mathit' in version `normal'
(Font)                  OT1/cmr/m/it --> T1/futs/m/it on input line 130.
LaTeX Font Info:    Overwriting math alphabet `\mathit' in version `bold'
(Font)                  OT1/cmr/bx/it --> T1/futs/m/it on input line 130.
LaTeX Font Info:    Redeclaring math alphabet \mathcal on input line 131.
LaTeX Font Info:    Redeclaring math symbol \parallel on input line 147.
LaTeX Font Info:    Redeclaring math symbol \hbar on input line 161.
LaTeX Font Info:    Redeclaring math symbol \varkappa on input line 199.
LaTeX Font Info:    Redeclaring math symbol \varvarrho on input line 200.
LaTeX Font Info:    Redeclaring math delimiter \Vert on input line 223.
LaTeX Font Info:    Redeclaring math delimiter \vert on input line 228.
LaTeX Font Info:    Redeclaring math delimiter \lvert on input line 230.
LaTeX Font Info:    Redeclaring math delimiter \rvert on input line 232.
LaTeX Font Info:    Redeclaring math delimiter \lVert on input line 234.
LaTeX Font Info:    Redeclaring math delimiter \rVert on input line 236.
LaTeX Font Info:    Redeclaring math delimiter \Downarrow on input line 238.
LaTeX Font Info:    Redeclaring math delimiter \backslash on input line 240.
LaTeX Font Info:    Redeclaring math delimiter \rangle on input line 242.
LaTeX Font Info:    Redeclaring math delimiter \langle on input line 244.
LaTeX Font Info:    Redeclaring math delimiter \rbrace on input line 246.
LaTeX Font Info:    Redeclaring math delimiter \lbrace on input line 248.
LaTeX Font Info:    Redeclaring math delimiter \rceil on input line 250.
LaTeX Font Info:    Redeclaring math delimiter \lceil on input line 252.
LaTeX Font Info:    Redeclaring math delimiter \rfloor on input line 254.
LaTeX Font Info:    Redeclaring math delimiter \lfloor on input line 256.
LaTeX Font Info:    Redeclaring math accent \acute on input line 260.
LaTeX Font Info:    Redeclaring math accent \grave on input line 261.
LaTeX Font Info:    Redeclaring math accent \ddot on input line 262.
LaTeX Font Info:    Redeclaring math accent \tilde on input line 263.
LaTeX Font Info:    Redeclaring math accent \bar on input line 264.
LaTeX Font Info:    Redeclaring math accent \breve on input line 265.
LaTeX Font Info:    Redeclaring math accent \check on input line 266.
LaTeX Font Info:    Redeclaring math accent \hat on input line 267.
LaTeX Font Info:    Redeclaring math accent \dot on input line 268.
LaTeX Font Info:    Redeclaring math accent \mathring on input line 269.
\symUfutm=\mathgroup5
)
(/usr/share/texmf-dist/tex/latex/amscls/amsthm.sty
Package: amsthm 2020/05/29 v2.20.6
\thm@style=\toks22
\thm@bodyfont=\toks23
\thm@headfont=\toks24
\thm@notefont=\toks25
\thm@headpunct=\toks26
\thm@preskip=\skip52
\thm@postskip=\skip53
\thm@headsep=\skip54
\dth@everypar=\toks27
)
\c@thm=\count271
\c@example=\count272
 (./main.aux

LaTeX Warning: Label `eqn:potenziali_maxwell' multiply defined.

)
LaTeX Font Info:    Checking defaults for OML/cmm/m/it on input line 29.
LaTeX Font Info:    ... okay on input line 29.
LaTeX Font Info:    Checking defaults for OMS/cmsy/m/n on input line 29.
LaTeX Font Info:    ... okay on input line 29.
LaTeX Font Info:    Checking defaults for OT1/cmr/m/n on input line 29.
LaTeX Font Info:    ... okay on input line 29.
LaTeX Font Info:    Checking defaults for T1/cmr/m/n on input line 29.
LaTeX Font Info:    ... okay on input line 29.
LaTeX Font Info:    Checking defaults for TS1/cmr/m/n on input line 29.
LaTeX Font Info:    ... okay on input line 29.
LaTeX Font Info:    Checking defaults for OMX/cmex/m/n on input line 29.
LaTeX Font Info:    ... okay on input line 29.
LaTeX Font Info:    Checking defaults for U/cmr/m/n on input line 29.
LaTeX Font Info:    ... okay on input line 29.
LaTeX Font Info:    Checking defaults for FML/futm/m/it on input line 29.
LaTeX Font Info:    Trying to load font information for FML+futm on input line 
29.
 (/usr/share/texmf-dist/tex/latex/fourier/fmlfutm.fd
File: fmlfutm.fd 2004/10/30 Fontinst v1.926 font definitions for FML/futm.
)
LaTeX Font Info:    ... okay on input line 29.
LaTeX Font Info:    Checking defaults for FMS/futm/m/n on input line 29.
LaTeX Font Info:    Trying to load font information for FMS+futm on input line 
29.

(/usr/share/texmf-dist/tex/latex/fourier/fmsfutm.fd
File: fmsfutm.fd 2004/10/30 Fontinst v1.926 font definitions for FMS/futm.
)
LaTeX Font Info:    ... okay on input line 29.
LaTeX Font Info:    Checking defaults for FMX/futm/m/n on input line 29.
LaTeX Font Info:    Trying to load font information for FMX+futm on input line 
29.

(/usr/share/texmf-dist/tex/latex/fourier/fmxfutm.fd
File: fmxfutm.fd futm-extension
)
LaTeX Font Info:    ... okay on input line 29.
LaTeX Info: Redefining \it@ocap on input line 29.
LaTeX Info: Redefining \it@ccap on input line 29.
LaTeX Font Info:    Trying to load font information for FML+futmi on input line
 32.

(/usr/share/texmf-dist/tex/latex/fourier/fmlfutmi.fd
File: fmlfutmi.fd 2004/10/30 Fontinst v1.926 font definitions for FML/futmi.
)
LaTeX Font Info:    Font shape `FMX/futm/m/n' will be
(Font)              scaled to size 11.03998pt on input line 32.
LaTeX Font Info:    Font shape `FMX/futm/m/n' will be
(Font)              scaled to size 8.27998pt on input line 32.
LaTeX Font Info:    Font shape `FMX/futm/m/n' will be
(Font)              scaled to size 6.43999pt on input line 32.
LaTeX Font Info:    Font shape `U/futm/m/n' will be
(Font)              scaled to size 11.03998pt on input line 32.
LaTeX Font Info:    Font shape `U/futm/m/n' will be
(Font)              scaled to size 8.27998pt on input line 32.
LaTeX Font Info:    Font shape `U/futm/m/n' will be
(Font)              scaled to size 6.43999pt on input line 32.
 [1


{/var/lib/texmf/fonts/map/pdftex/updmap/pdftex.map}] [2

] (./main.toc
LaTeX Font Info:    Font shape `FMX/futm/m/n' will be
(Font)              scaled to size 9.19998pt on input line 7.
LaTeX Font Info:    Font shape `FMX/futm/m/n' will be
(Font)              scaled to size 6.99199pt on input line 7.
LaTeX Font Info:    Font shape `FMX/futm/m/n' will be
(Font)              scaled to size 5.51999pt on input line 7.
LaTeX Font Info:    Font shape `U/futm/m/n' will be
(Font)              scaled to size 9.19998pt on input line 7.
LaTeX Font Info:    Font shape `U/futm/m/n' will be
(Font)              scaled to size 6.99199pt on input line 7.
LaTeX Font Info:    Font shape `U/futm/m/n' will be
(Font)              scaled to size 5.51999pt on input line 7.
 [3]
Overfull \hbox (0.99997pt too wide) detected at line 76
 \T1/futs/m/n/10 103
 []


Overfull \hbox (0.99997pt too wide) detected at line 77
 \T1/futs/m/n/10 105
 []


Overfull \hbox (0.99997pt too wide) detected at line 78
 \T1/futs/m/n/10 107
 []


Overfull \hbox (0.99997pt too wide) detected at line 80
 \T1/futs/m/n/10 111
 []


Overfull \hbox (0.99997pt too wide) detected at line 81
 \T1/futs/m/n/10 112
 []


Overfull \hbox (0.99997pt too wide) detected at line 82
 \T1/futs/m/n/10 116
 []


Overfull \hbox (0.99997pt too wide) detected at line 83
 \T1/futs/m/n/10 116
 []


Overfull \hbox (0.99997pt too wide) detected at line 84
 \T1/futs/m/n/10 117
 []


Overfull \hbox (0.99997pt too wide) detected at line 85
 \T1/futs/m/n/10 119
 []


Overfull \hbox (0.99997pt too wide) detected at line 86
 \T1/futs/m/n/10 119
 []


Overfull \hbox (0.99997pt too wide) detected at line 87
 \T1/futs/m/n/10 122
 []


Overfull \hbox (0.99997pt too wide) detected at line 88
 \T1/futs/m/n/10 124
 []


Overfull \hbox (0.99997pt too wide) detected at line 89
 \T1/futs/m/n/10 125
 []


Overfull \hbox (0.99997pt too wide) detected at line 90
 \T1/futs/m/n/10 127
 []


Overfull \hbox (0.99997pt too wide) detected at line 91
 \T1/futs/m/n/10 128
 []


Overfull \hbox (0.99997pt too wide) detected at line 92
 \T1/futs/m/n/10 128
 []

[4]
Overfull \hbox (0.99997pt too wide) detected at line 94
 \T1/futs/m/n/10 131
 []


Overfull \hbox (0.99997pt too wide) detected at line 95
 \T1/futs/m/n/10 132
 []


Overfull \hbox (0.99997pt too wide) detected at line 97
 \T1/futs/m/n/10 133
 []


Overfull \hbox (0.99997pt too wide) detected at line 98
 \T1/futs/m/n/10 133
 []


Overfull \hbox (0.99997pt too wide) detected at line 99
 \T1/futs/m/n/10 134
 []


Overfull \hbox (0.99997pt too wide) detected at line 100
 \T1/futs/m/n/10 134
 []


Overfull \hbox (0.99997pt too wide) detected at line 102
 \T1/futs/m/n/10 135
 []


Overfull \hbox (0.99997pt too wide) detected at line 103
 \T1/futs/m/n/10 135
 []


Overfull \hbox (0.99997pt too wide) detected at line 104
 \T1/futs/m/n/10 135
 []


Overfull \hbox (0.99997pt too wide) detected at line 105
 \T1/futs/m/n/10 135
 []


Overfull \hbox (0.99997pt too wide) detected at line 106
 \T1/futs/m/n/10 135
 []


Overfull \hbox (0.99997pt too wide) detected at line 107
 \T1/futs/m/n/10 136
 []


Overfull \hbox (0.99997pt too wide) detected at line 108
 \T1/futs/m/n/10 136
 []


Overfull \hbox (0.99997pt too wide) detected at line 109
 \T1/futs/m/n/10 136
 []


Overfull \hbox (0.99997pt too wide) detected at line 110
 \T1/futs/m/n/10 136
 []


Overfull \hbox (0.99997pt too wide) detected at line 111
 \T1/futs/m/n/10 136
 []


Overfull \hbox (0.99997pt too wide) detected at line 112
 \T1/futs/m/n/10 136
 []


Overfull \hbox (0.99997pt too wide) detected at line 113
 \T1/futs/m/n/10 136
 []


Overfull \hbox (0.99997pt too wide) detected at line 114
 \T1/futs/m/n/10 136
 []


Overfull \hbox (0.99997pt too wide) detected at line 115
 \T1/futs/m/n/10 136
 []


Overfull \hbox (0.99997pt too wide) detected at line 116
 \T1/futs/m/n/10 136
 []


Overfull \hbox (0.99997pt too wide) detected at line 117
 \T1/futs/m/n/10 137
 []


Overfull \hbox (0.99997pt too wide) detected at line 118
 \T1/futs/m/n/10 137
 []


Overfull \hbox (0.99997pt too wide) detected at line 119
 \T1/futs/m/n/10 137
 []


Overfull \hbox (0.99997pt too wide) detected at line 120
 \T1/futs/m/n/10 137
 []


Overfull \hbox (0.99997pt too wide) detected at line 121
 \T1/futs/m/n/10 137
 []


Overfull \hbox (0.99997pt too wide) detected at line 122
 \T1/futs/m/n/10 137
 []


Overfull \hbox (0.99997pt too wide) detected at line 123
 \T1/futs/m/n/10 137
 []


Overfull \hbox (0.99997pt too wide) detected at line 124
 \T1/futs/m/n/10 137
 []


Overfull \hbox (0.99997pt too wide) detected at line 125
 \T1/futs/m/n/10 137
 []


Overfull \hbox (0.99997pt too wide) detected at line 126
 \T1/futs/m/n/10 137
 []


Overfull \hbox (0.99997pt too wide) detected at line 127
 \T1/futs/m/n/10 137
 []


Overfull \hbox (0.99997pt too wide) detected at line 128
 \T1/futs/m/n/10 137
 []

)
\tf@toc=\write3
 [5] [6

] (./Parti/equazioni_maxwell.tex
LaTeX Font Info:    Font shape `T1/futs/bx/n' in size <10> not available
(Font)              Font shape `T1/futs/b/n' tried instead on input line 4.
LaTeX Font Info:    Font shape `T1/futs/bx/n' in size <7.6> not available
(Font)              Font shape `T1/futs/b/n' tried instead on input line 4.
LaTeX Font Info:    Font shape `T1/futs/bx/n' in size <6> not available
(Font)              Font shape `T1/futs/b/n' tried instead on input line 4.

Overfull \hbox (1.56999pt too wide) in paragraph at lines 2--22
[] [] 
 []


Overfull \hbox (1.56999pt too wide) in paragraph at lines 24--44
[] [] 
 []

) [7] [8

] [9] [10] (./Parti/Elettrostatica/elettrostatica.tex
Capitolo 1.
(./Parti/Elettrostatica/Capitoli/Elettrostatica_vuoto/elettrostatica_vuoto.tex
(./Parti/Elettrostatica/Capitoli/Elettrostatica_vuoto/Sezioni/legge_coulomb.tex
)
(./Parti/Elettrostatica/Capitoli/Elettrostatica_vuoto/Sezioni/campo_elettrico.t
ex [11

])
(./Parti/Elettrostatica/Capitoli/Elettrostatica_vuoto/Sezioni/gauss_prima_maxwe
ll.tex [12]
LaTeX Font Info:    Font shape `FMX/futm/m/n' will be
(Font)              scaled to size 7.35999pt on input line 47.
LaTeX Font Info:    Font shape `FMX/futm/m/n' will be
(Font)              scaled to size 6.25598pt on input line 47.
LaTeX Font Info:    Font shape `T1/futs/bx/n' in size <8> not available
(Font)              Font shape `T1/futs/b/n' tried instead on input line 47.
LaTeX Font Info:    Font shape `T1/futs/bx/n' in size <6.8> not available
(Font)              Font shape `T1/futs/b/n' tried instead on input line 47.
LaTeX Font Info:    Font shape `U/futm/m/n' will be
(Font)              scaled to size 7.35999pt on input line 47.
LaTeX Font Info:    Font shape `U/futm/m/n' will be
(Font)              scaled to size 6.25598pt on input line 47.
) [13]
(./Parti/Elettrostatica/Capitoli/Elettrostatica_vuoto/Sezioni/potenziale_terza_
maxwell.tex [14])
(./Parti/Elettrostatica/Capitoli/Elettrostatica_vuoto/Sezioni/energia_campo_ele
ttrico.tex
Underfull \hbox (badness 10000) in paragraph at lines 1--4

 []

[15] [16])
(./Parti/Elettrostatica/Capitoli/Elettrostatica_vuoto/Sezioni/dipoli.tex
[17] [18])
(./Parti/Elettrostatica/Capitoli/Elettrostatica_vuoto/Sezioni/multipoli.tex
[19])
(./Parti/Elettrostatica/Capitoli/Elettrostatica_vuoto/Sezioni/conduttori.tex
[20] [21] [22] [23])
(./Parti/Elettrostatica/Capitoli/Elettrostatica_vuoto/Sezioni/condensatori.tex
[24] [25] [26] [27] [28])
(./Parti/Elettrostatica/Capitoli/Elettrostatica_vuoto/Sezioni/problema_elettros
tatica_vuoto.tex [29] [30])) [31] [32]
Capitolo 2.

(./Parti/Elettrostatica/Capitoli/Elettrostatica_dielettrici/elettrostatica_diel
ettrici.tex
(./Parti/Elettrostatica/Capitoli/Elettrostatica_dielettrici/Sezioni/costante_di
elettrica.tex)
(./Parti/Elettrostatica/Capitoli/Elettrostatica_dielettrici/Sezioni/polarizzazi
one.tex [33

]
Overfull \hbox (1.58951pt too wide) in paragraph at lines 17--31
[]\T1/futs/m/n/10 L'atomo Ë sche-ma-tiz-za-bi-le co-me un si-ste-ma elet-
 []


Overfull \hbox (3.33298pt too wide) in paragraph at lines 39--43
\T1/futs/m/n/10 pos-sie-do-no un mo-men-to di di-po-lo. Poi-chË so-li-ta-men-te
 le mo-le-co-le so-no orien-
 []

[34] [35] [36] [37])
(./Parti/Elettrostatica/Capitoli/Elettrostatica_dielettrici/Sezioni/equazioni_m
axwell_dielettrici.tex [38])
(./Parti/Elettrostatica/Capitoli/Elettrostatica_dielettrici/Sezioni/problema_el
ettrostatica_dielettrici.tex [39] [40])
(./Parti/Elettrostatica/Capitoli/Elettrostatica_dielettrici/Sezioni/energia_ele
ttrostatica_dielettrici.tex))) [41] [42

] [43] [44]
(./Parti/Corrente/corrente.tex
Capitolo 3.
(./Parti/Corrente/Capitoli/Considerazioni/considerazioni.tex
(./Parti/Corrente/Capitoli/Considerazioni/Sezioni/corrente_elettrica.tex
[45

]) (./Parti/Corrente/Capitoli/Considerazioni/Sezioni/densita_corrente.tex
[46])) [47] [48

]
Capitolo 4.
(./Parti/Corrente/Capitoli/Stazionaria/stazionaria.tex
(./Parti/Corrente/Capitoli/Stazionaria/Sezioni/generali.tex)
(./Parti/Corrente/Capitoli/Stazionaria/Sezioni/kirchoff.tex [49])
(./Parti/Corrente/Capitoli/Stazionaria/Sezioni/ohm.tex [50] [51])
(./Parti/Corrente/Capitoli/Stazionaria/Sezioni/cariche.tex) [52]
(./Parti/Corrente/Capitoli/Stazionaria/Sezioni/joule.tex)
(./Parti/Corrente/Capitoli/Stazionaria/Sezioni/fem.tex [53] [54] [55])
(./Parti/Corrente/Capitoli/Stazionaria/Sezioni/circuiti.tex [56]) [57]
(./Parti/Corrente/Capitoli/Stazionaria/Sezioni/complementi.tex [58])))
Overfull \hbox (102.03728pt too wide) has occurred while \output is active
\T1/futs/m/sl/10 4.8.  COMPLEMENTI: FORZA FRA LE MAGLIE DI UN CONDENSATORE E ME
TODO DEI LAVORI VIRTUALI \T1/futs/m/n/10 59
 []

[59] [60

] [61] [62] (./Parti/Magnetostatica/magnetostatica.tex
Capitolo 5.
(./Parti/Magnetostatica/Capitoli/Magnetostatica_vuoto/magnetostatica_vuoto.tex
(./Parti/Magnetostatica/Capitoli/Magnetostatica_vuoto/Sezioni/campo_induzione_m
agnetica.tex
Overfull \hbox (0.47946pt too wide) in paragraph at lines 18--19
[]\T1/futs/m/n/10 Il se-guen-te co-rol-la-rio rap-pre-sen-ta un'e-stra-po-la-zi
o-ne teo-ri-ca del-la si-tua-zio-ne spe-
 []

[63

])
(./Parti/Magnetostatica/Capitoli/Magnetostatica_vuoto/Sezioni/seconda_maxwell.t
ex [64])
(./Parti/Magnetostatica/Capitoli/Magnetostatica_vuoto/Sezioni/potenziale_vettor
e.tex [65] [66]

LaTeX Warning: Reference `app:eqn:grad_cp' on page 67 undefined on input line 1
15.

[67] [68])
(./Parti/Magnetostatica/Capitoli/Magnetostatica_vuoto/Sezioni/potenziale_scalar
e.tex [69] [70])
(./Parti/Magnetostatica/Capitoli/Magnetostatica_vuoto/Sezioni/lorentz.tex
[71])
(./Parti/Magnetostatica/Capitoli/Magnetostatica_vuoto/Sezioni/circuiti_campi_ma
gnetici.tex [72] [73])
(./Parti/Magnetostatica/Capitoli/Magnetostatica_vuoto/Sezioni/effetto_hall.tex
[74])) [75] [76

]
Capitolo 6.

(./Parti/Magnetostatica/Capitoli/Magnetostatica_dielettrici/magnetostatica_diel
ettrici.tex
(./Parti/Magnetostatica/Capitoli/Magnetostatica_dielettrici/Sezioni/atomi.tex
[77])
(./Parti/Magnetostatica/Capitoli/Magnetostatica_dielettrici/Sezioni/polarizzazi
one.tex [78])
(./Parti/Magnetostatica/Capitoli/Magnetostatica_dielettrici/Sezioni/equazioni_m
axwell_materiali.tex [79] [80])
(./Parti/Magnetostatica/Capitoli/Magnetostatica_dielettrici/Sezioni/magneti.tex
[81]
Overfull \hbox (0.45938pt too wide) in paragraph at lines 65--68
\T1/futs/m/n/10 Ovvero la su-scet-ti-bi-li-t‡ ma-gne-ti-ca rap-pre-sen-ta il fa
t-to-re di pro-por-zio-na-li-t‡ fra il cam-
 []

[82])
(./Parti/Magnetostatica/Capitoli/Magnetostatica_dielettrici/Sezioni/precessione
.tex
Underfull \vbox (badness 1748) has occurred while \output is active []

 [83])))
[84] [85

] [86] (./Parti/Elettrodinamica/elettrodinamica.tex
Capitolo 7.
(./Parti/Elettrodinamica/Capitoli/Campi_variabili/campi_variabili.tex
(./Parti/Elettrodinamica/Capitoli/Campi_variabili/Sezioni/faraday_neumann.tex
[87

]
Overfull \hbox (3.24948pt too wide) in paragraph at lines 48--49
[]\T1/futs/m/n/10 La di-mo-stra-zio-ne Ë im-me-dia-ta, per il fat-to che nel-la
 leg-ge di Faraday-
 []

) (./Parti/Elettrodinamica/Capitoli/Campi_variabili/Sezioni/flusso_tagliato.tex
[88]
Overfull \hbox (6.33218pt too wide) in paragraph at lines 68--70
[]\T1/futs/m/n/10 Per i due ri-sul-ta-ti ap-pe-na di-mo-stra-ti $[] \FMS/futm/m
/n/10 Å ^^@\FML/futm/m/it/10 ^^H[]\T1/futs/m/n/10 / [] \FMS/futm/m/n/10 Å ^^@ [
][]\T1/futs/m/n/10 (\T1/futs/b/n/10 v[] [] []
 []

[89])
(./Parti/Elettrodinamica/Capitoli/Campi_variabili/Sezioni/equazioni_maxwell.tex
(./Parti/Elettrodinamica/Capitoli/Campi_variabili/Sezioni/terza_maxwell.tex
Underfull \vbox (badness 4156) has occurred while \output is active []

 [90])
(./Parti/Elettrodinamica/Capitoli/Campi_variabili/Sezioni/prima_seconda_maxwell
.tex [91])
(./Parti/Elettrodinamica/Capitoli/Campi_variabili/Sezioni/quarta_maxwell.tex
[92] [93]))
(./Parti/Elettrodinamica/Capitoli/Campi_variabili/Sezioni/autoinduzione.tex
[94] [95])
(./Parti/Elettrodinamica/Capitoli/Campi_variabili/Sezioni/induzione_mutua.tex
[96])
(./Parti/Elettrodinamica/Capitoli/Campi_variabili/Sezioni/energia_magnetica.tex
[97]
Overfull \hbox (0.81827pt too wide) in paragraph at lines 45--54
[]$\FML/futmi/m/it/10 U[]$ \T1/futs/m/n/10 rap-pre-sen-ta l'e-ner-gia po-ten-zi
a-le im-ma-gaz-zi-na-ta nel di-spo-si-ti-vo -ovvero il sin-
 []


LaTeX Warning: Reference `eqn:H_solenoide' on page 98 undefined on input line 7
7.

[98] [99] [100] [101])) [102]
Capitolo 8.

(./Parti/Elettrodinamica/Capitoli/Campo_elettromagnetico/campo_elettromagnetico
.tex
(./Parti/Elettrodinamica/Capitoli/Campo_elettromagnetico/Sezioni/campo_elettrom
agnetico.tex
Overfull \hbox (16.56999pt too wide) in paragraph at lines 5--40
[][] []
 []

[103

]
Overfull \hbox (16.56999pt too wide) in paragraph at lines 88--105
[][] []
 []

[104])
(./Parti/Elettrodinamica/Capitoli/Campo_elettromagnetico/Sezioni/energia_poynti
ng.tex [105] [106])
(./Parti/Elettrodinamica/Capitoli/Campo_elettromagnetico/Sezioni/potenziali.tex
[107] [108] [109])) [110]
Capitolo 9.

(./Parti/Elettrodinamica/Capitoli/Onde_elettromagnetiche/onde_elettromagnetiche
.tex
(./Parti/Elettrodinamica/Capitoli/Onde_elettromagnetiche/Sezioni/equazioni_onde
.tex
Overfull \hbox (1.56999pt too wide) in paragraph at lines 13--35
[] []
 []

[111

])
(./Parti/Elettrodinamica/Capitoli/Onde_elettromagnetiche/Sezioni/onde_piane.tex

Overfull \hbox (16.56999pt too wide) in paragraph at lines 29--57
[][] [] 
 []

[112] [113] [114])
(./Parti/Elettrodinamica/Capitoli/Onde_elettromagnetiche/Sezioni/onde_sferiche.
tex [115])
(./Parti/Elettrodinamica/Capitoli/Onde_elettromagnetiche/Sezioni/sorgenti.tex
[116] [117] [118])
(./Parti/Elettrodinamica/Capitoli/Onde_elettromagnetiche/Sezioni/dielettrici.te
x [119]
Overfull \hbox (0.30879pt too wide) in paragraph at lines 43--45
[]\T1/futs/m/n/10 La so-lu-zio-ne al-l'e-qua-zio-ne del-l'o-scil-la-to-re ar-mo
-ni-co Ë $\T1/futs/b/n/10 r\T1/futs/m/n/10 (\FML/futmi/m/it/10 t\T1/futs/m/n/10
 ) \FMS/futm/m/n/10 Å \T1/futs/b/n/10 R[]\FML/futmi/m/it/10 e[]$\T1/futs/m/n/10
 .
 []


Overfull \hbox (1.27954pt too wide) in paragraph at lines 74--76
[]\T1/futs/m/n/10 La di-mo-stra-zio-ne si ot-tie-ne con-si-de-ran-do che la qua
n-ti-t‡ fi-si-ca-men-
 []


Overfull \hbox (13.79437pt too wide) in paragraph at lines 74--76
\T1/futs/m/n/10 te si-gni-fi-ca-ti-va Ë la par-te rea-le di $\T1/futs/b/n/10 p$
\T1/futs/m/n/10 . Si ha quin-di $[](\T1/futs/b/n/10 p\T1/futs/m/n/10 ) \FMS/fut
m/m/n/10 Å []\T1/futs/m/n/10 (\FML/futmi/m/it/10 \T1/futs/b/n/10 E[]\T1/futs/m
/n/10 (\FML/futmi/m/it/10 t\T1/futs/m/n/10 )) \FMS/futm/m/n/10 Å []\T1/futs/m/n
/10 ([]\FML/futmi/m/it/10 e[]E[]e[]\T1/futs/m/n/10 ) \FMS/futm/m/n/10 Å
 []

[120])
(./Parti/Elettrodinamica/Capitoli/Onde_elettromagnetiche/Sezioni/conduttori.tex
[121] [122] [123])
(./Parti/Elettrodinamica/Capitoli/Onde_elettromagnetiche/Sezioni/onde_stazionar
ie.tex [124])
(./Parti/Elettrodinamica/Capitoli/Onde_elettromagnetiche/Sezioni/momenti.tex
[125]) [126]
(./Parti/Elettrodinamica/Capitoli/Onde_elettromagnetiche/Sezioni/ottica.tex

LaTeX Warning: Reference `eqn:B_onde' on page 127 undefined on input line 8.

[127])
(./Parti/Elettrodinamica/Capitoli/Onde_elettromagnetiche/Sezioni/spettro.tex)
(./Parti/Elettrodinamica/Capitoli/Onde_elettromagnetiche/Sezioni/doppler.tex
[128]))) (./Parti/Appendice/appendice.tex [129] [130

]
Appendice A.
(./Parti/Appendice/Capitoli/Onde/onde.tex
(./Parti/Appendice/Capitoli/Onde/Sezioni/definizioni.tex [131]
LaTeX Font Info:    Trying to load font information for TS1+futs on input line 
50.

(/usr/share/texmf-dist/tex/latex/fourier/ts1futs.fd
File: ts1futs.fd 2003/09/14 Fontinst v1.801 font definitions for TS1/futs.
)

LaTeX Warning: Command \k invalid in math mode on input line 55.

) (./Parti/Appendice/Capitoli/Onde/Sezioni/equazioni.tex)) [132]
Appendice B.
(./Parti/Appendice/Capitoli/Operazioni/operazioni.tex
(./Parti/Appendice/Capitoli/Operazioni/Sezioni/operazioni_vettoriali.tex)
(./Parti/Appendice/Capitoli/Operazioni/Sezioni/operatori_vettoriali.tex)
(./Parti/Appendice/Capitoli/Operazioni/Sezioni/relazioni_integrali.tex [133

])
(./Parti/Appendice/Capitoli/Operazioni/Sezioni/raggio_vettore.tex)) [134]
Appendice C.
(./Parti/Appendice/Capitoli/Udm/udm.tex
(./Parti/Appendice/Capitoli/Udm/Sezioni/capitolo1.tex)
(./Parti/Appendice/Capitoli/Udm/Sezioni/capitolo2.tex) [135

]
(./Parti/Appendice/Capitoli/Udm/Sezioni/capitolo3.tex)
(./Parti/Appendice/Capitoli/Udm/Sezioni/capitolo4.tex)
(./Parti/Appendice/Capitoli/Udm/Sezioni/capitolo5.tex)
(./Parti/Appendice/Capitoli/Udm/Sezioni/capitolo6.tex [136])
(./Parti/Appendice/Capitoli/Udm/Sezioni/capitolo7.tex)
(./Parti/Appendice/Capitoli/Udm/Sezioni/capitolo8.tex)
(./Parti/Appendice/Capitoli/Udm/Sezioni/capitolo9.tex))) [137] (./main.aux)

LaTeX Warning: There were undefined references.


LaTeX Warning: There were multiply-defined labels.

 ) 
Here is how much of TeX's memory you used:
 4223 strings out of 479383
 69876 string characters out of 5875829
 366491 words of memory out of 5000000
 20944 multiletter control sequences out of 15000+600000
 556454 words of font info for 162 fonts, out of 8000000 for 9000
 1141 hyphenation exceptions out of 8191
 79i,23n,86p,617b,348s stack positions out of 5000i,500n,10000p,200000b,80000s
{/usr/share/texmf-dist/fonts/enc/dvips/base/8r.enc}</usr/share/texmf-dist/fon
ts/type1/public/fourier/fourier-mex.pfb></usr/share/texmf-dist/fonts/type1/publ
ic/fourier/fourier-ml.pfb></usr/share/texmf-dist/fonts/type1/public/fourier/fou
rier-mlit.pfb></usr/share/texmf-dist/fonts/type1/public/fourier/fourier-mlitb.p
fb></usr/share/texmf-dist/fonts/type1/public/fourier/fourier-ms.pfb></usr/share
/texmf-dist/fonts/type1/adobe/utopia/putb8a.pfb></usr/share/texmf-dist/fonts/ty
pe1/adobe/utopia/putr8a.pfb></usr/share/texmf-dist/fonts/type1/adobe/utopia/put
r8a.pfb></usr/share/texmf-dist/fonts/type1/adobe/utopia/putri8a.pfb>
Output written on main.pdf (137 pages, 509336 bytes).
PDF statistics:
 483 PDF objects out of 1000 (max. 8388607)
 331 compressed objects within 4 object streams
 0 named destinations out of 1000 (max. 500000)
 1 words of extra memory for PDF output out of 10000 (max. 10000000)

